<?xml version="1.0" encoding="UTF-8"?>
<!-- Generated by org.testng.reporters.JUnitReportReporter -->
<testsuite skipped="0" hostname="Balaji-PC" name="testcases.TC_02" tests="4" failures="0" timestamp="1 Jul 2020 18:20:41 GMT" time="0.010" errors="0">
  <testcase name="method_05" time="0.002" classname="testcases.TC_02"/>
  <testcase name="method_06" time="0.002" classname="testcases.TC_02"/>
  <testcase name="method_08" time="0.004" classname="testcases.TC_02"/>
  <testcase name="method_07" time="0.002" classname="testcases.TC_02"/>
</testsuite> <!-- testcases.TC_02 -->
